<?xml version="1.0" encoding="UTF-8"?>
<coverage generated="1746227775239" clover="3.2.0">
  <project timestamp="1746227775239" name="All files">
    <metrics statements="11" coveredstatements="11" conditionals="2" coveredconditionals="2" methods="10" coveredmethods="10" elements="23" coveredelements="23" complexity="0" loc="11" ncloc="11" packages="1" files="1" classes="1"/>
    <file name="carrinho.js" path="C:\Users\023.927497\Documents\entrega-testes-carrinho\carrinho-compras\carrinho.js">
      <metrics statements="11" coveredstatements="11" conditionals="2" coveredconditionals="2" methods="10" coveredmethods="10"/>
      <line num="3" count="8" type="stmt"/>
      <line num="7" count="9" type="stmt"/>
      <line num="8" count="9" type="cond" truecount="2" falsecount="0"/>
      <line num="9" count="1" type="stmt"/>
      <line num="11" count="8" type="stmt"/>
      <line num="16" count="2" type="stmt"/>
      <line num="20" count="4" type="stmt"/>
      <line num="24" count="1" type="stmt"/>
      <line num="25" count="1" type="stmt"/>
      <line num="29" count="2" type="stmt"/>
      <line num="33" count="1" type="stmt"/>
    </file>
  </project>
</coverage>
