{"C:\\Users\\023.927497\\Documents\\entrega-testes-carrinho\\carrinho-compras\\carrinho.js": {"path":"C:\\Users\\023.927497\\Documents\\entrega-testes-carrinho\\carrinho-compras\\carrinho.js","statementMap":{"0":{"start":{"line":3,"column":6},"end":{"line":3,"column":22}},"1":{"start":{"line":7,"column":28},"end":{"line":7,"column":71}},"2":{"start":{"line":7,"column":52},"end":{"line":7,"column":70}},"3":{"start":{"line":8,"column":6},"end":{"line":12,"column":7}},"4":{"start":{"line":9,"column":8},"end":{"line":9,"column":47}},"5":{"start":{"line":11,"column":8},"end":{"line":11,"column":61}},"6":{"start":{"line":16,"column":6},"end":{"line":16,"column":65}},"7":{"start":{"line":16,"column":45},"end":{"line":16,"column":63}},"8":{"start":{"line":20,"column":6},"end":{"line":20,"column":97}},"9":{"start":{"line":20,"column":48},"end":{"line":20,"column":92}},"10":{"start":{"line":24,"column":23},"end":{"line":24,"column":64}},"11":{"start":{"line":25,"column":6},"end":{"line":25,"column":45}},"12":{"start":{"line":29,"column":6},"end":{"line":29,"column":57}},"13":{"start":{"line":29,"column":37},"end":{"line":29,"column":55}},"14":{"start":{"line":33,"column":2},"end":{"line":33,"column":28}}},"fnMap":{"0":{"name":"(anonymous_0)","decl":{"start":{"line":2,"column":4},"end":{"line":2,"column":5}},"loc":{"start":{"line":2,"column":18},"end":{"line":4,"column":5}},"line":2},"1":{"name":"(anonymous_1)","decl":{"start":{"line":6,"column":4},"end":{"line":6,"column":5}},"loc":{"start":{"line":6,"column":51},"end":{"line":13,"column":5}},"line":6},"2":{"name":"(anonymous_2)","decl":{"start":{"line":7,"column":44},"end":{"line":7,"column":45}},"loc":{"start":{"line":7,"column":52},"end":{"line":7,"column":70}},"line":7},"3":{"name":"(anonymous_3)","decl":{"start":{"line":15,"column":4},"end":{"line":15,"column":5}},"loc":{"start":{"line":15,"column":22},"end":{"line":17,"column":5}},"line":15},"4":{"name":"(anonymous_4)","decl":{"start":{"line":16,"column":37},"end":{"line":16,"column":38}},"loc":{"start":{"line":16,"column":45},"end":{"line":16,"column":63}},"line":16},"5":{"name":"(anonymous_5)","decl":{"start":{"line":19,"column":4},"end":{"line":19,"column":5}},"loc":{"start":{"line":19,"column":20},"end":{"line":21,"column":5}},"line":19},"6":{"name":"(anonymous_6)","decl":{"start":{"line":20,"column":31},"end":{"line":20,"column":32}},"loc":{"start":{"line":20,"column":48},"end":{"line":20,"column":92}},"line":20},"7":{"name":"(anonymous_7)","decl":{"start":{"line":23,"column":4},"end":{"line":23,"column":5}},"loc":{"start":{"line":23,"column":32},"end":{"line":26,"column":5}},"line":23},"8":{"name":"(anonymous_8)","decl":{"start":{"line":28,"column":4},"end":{"line":28,"column":5}},"loc":{"start":{"line":28,"column":21},"end":{"line":30,"column":5}},"line":28},"9":{"name":"(anonymous_9)","decl":{"start":{"line":29,"column":29},"end":{"line":29,"column":30}},"loc":{"start":{"line":29,"column":37},"end":{"line":29,"column":55}},"line":29}},"branchMap":{"0":{"loc":{"start":{"line":8,"column":6},"end":{"line":12,"column":7}},"type":"if","locations":[{"start":{"line":8,"column":6},"end":{"line":12,"column":7}},{"start":{"line":10,"column":13},"end":{"line":12,"column":7}}],"line":8}},"s":{"0":8,"1":9,"2":2,"3":9,"4":1,"5":8,"6":2,"7":2,"8":3,"9":4,"10":1,"11":1,"12":2,"13":1,"14":1},"f":{"0":8,"1":9,"2":2,"3":2,"4":2,"5":3,"6":4,"7":1,"8":2,"9":1},"b":{"0":[1,8]},"_coverageSchema":"1a1c01bbd47fc00a2c39e90264f33305004495a9","hash":"cadfb652ad468bb528616667ee61f04db84e2716"}
}
