TN:
SF:carrinho-compras\carrinho.js
FN:2,(anonymous_0)
FN:6,(anonymous_1)
FN:7,(anonymous_2)
FN:15,(anonymous_3)
FN:16,(anonymous_4)
FN:19,(anonymous_5)
FN:20,(anonymous_6)
FN:23,(anonymous_7)
FN:28,(anonymous_8)
FN:29,(anonymous_9)
FNF:10
FNH:10
FNDA:8,(anonymous_0)
FNDA:9,(anonymous_1)
FNDA:2,(anonymous_2)
FNDA:2,(anonymous_3)
FNDA:2,(anonymous_4)
FNDA:3,(anonymous_5)
FNDA:4,(anonymous_6)
FNDA:1,(anonymous_7)
FNDA:2,(anonymous_8)
FNDA:1,(anonymous_9)
DA:3,8
DA:7,9
DA:8,9
DA:9,1
DA:11,8
DA:16,2
DA:20,4
DA:24,1
DA:25,1
DA:29,2
DA:33,1
LF:11
LH:11
BRDA:8,0,0,1
BRDA:8,0,1,8
BRF:2
BRH:2
end_of_record
